d:\ranger\documents\visual studio 2019\gwtoolboxcn\release\vc140.pdb
d:\ranger\documents\visual studio 2019\gwtoolboxcn\release\vc140.idb
d:\ranger\documents\visual studio 2019\gwtoolboxcn\release\dailyquestswindow.obj
d:\ranger\documents\visual studio 2019\gwtoolboxcn\release\dialogswindow.obj
d:\ranger\documents\visual studio 2019\gwtoolboxcn\release\doormonitorwindow.obj
d:\ranger\documents\visual studio 2019\gwtoolboxcn\release\factionleaderboardwindow.obj
d:\ranger\documents\visual studio 2019\gwtoolboxcn\release\friendlistwindow.obj
d:\ranger\documents\visual studio 2019\gwtoolboxcn\release\herobuildswindow.obj
d:\ranger\documents\visual studio 2019\gwtoolboxcn\release\hotkeys.obj
d:\ranger\documents\visual studio 2019\gwtoolboxcn\release\hotkeyswindow.obj
d:\ranger\documents\visual studio 2019\gwtoolboxcn\release\infowindow.obj
d:\ranger\documents\visual studio 2019\gwtoolboxcn\release\mainwindow.obj
d:\ranger\documents\visual studio 2019\gwtoolboxcn\release\materialswindow.obj
d:\ranger\documents\visual studio 2019\gwtoolboxcn\release\notepadwindow.obj
d:\ranger\documents\visual studio 2019\gwtoolboxcn\release\objectivetimerwindow.obj
d:\ranger\documents\visual studio 2019\gwtoolboxcn\release\packetloggerwindow.obj
d:\ranger\documents\visual studio 2019\gwtoolboxcn\release\pcons.obj
d:\ranger\documents\visual studio 2019\gwtoolboxcn\release\pconswindow.obj
d:\ranger\documents\visual studio 2019\gwtoolboxcn\release\settingswindow.obj
d:\ranger\documents\visual studio 2019\gwtoolboxcn\release\skilllistingwindow.obj
d:\ranger\documents\visual studio 2019\gwtoolboxcn\release\stringdecoderwindow.obj
d:\ranger\documents\visual studio 2019\gwtoolboxcn\release\travelwindow.obj
d:\ranger\documents\visual studio 2019\gwtoolboxcn\release\ratelimiter.obj
d:\ranger\documents\visual studio 2019\gwtoolboxcn\release\alcoholwidget.obj
d:\ranger\documents\visual studio 2019\gwtoolboxcn\release\bondswidget.obj
d:\ranger\documents\visual studio 2019\gwtoolboxcn\release\clockwidget.obj
d:\ranger\documents\visual studio 2019\gwtoolboxcn\release\distancewidget.obj
d:\ranger\documents\visual studio 2019\gwtoolboxcn\release\healthwidget.obj
d:\ranger\documents\visual studio 2019\gwtoolboxcn\release\agentrenderer.obj
d:\ranger\documents\visual studio 2019\gwtoolboxcn\release\customrenderer.obj
d:\ranger\documents\visual studio 2019\gwtoolboxcn\release\effectrenderer.obj
d:\ranger\documents\visual studio 2019\gwtoolboxcn\release\minimap.obj
d:\ranger\documents\visual studio 2019\gwtoolboxcn\release\pingslinesrenderer.obj
d:\ranger\documents\visual studio 2019\gwtoolboxcn\release\pmaprenderer.obj
d:\ranger\documents\visual studio 2019\gwtoolboxcn\release\rangerenderer.obj
d:\ranger\documents\visual studio 2019\gwtoolboxcn\release\symbolsrenderer.obj
d:\ranger\documents\visual studio 2019\gwtoolboxcn\release\partydamage.obj
d:\ranger\documents\visual studio 2019\gwtoolboxcn\release\serverinfowidget.obj
d:\ranger\documents\visual studio 2019\gwtoolboxcn\release\skillbarwidget.obj
d:\ranger\documents\visual studio 2019\gwtoolboxcn\release\timerwidget.obj
d:\ranger\documents\visual studio 2019\gwtoolboxcn\release\vanquishwidget.obj
d:\ranger\documents\visual studio 2019\gwtoolboxcn\release\buildswindow.obj
d:\ranger\documents\visual studio 2019\gwtoolboxcn\release\logger.obj
d:\ranger\documents\visual studio 2019\gwtoolboxcn\release\main.obj
d:\ranger\documents\visual studio 2019\gwtoolboxcn\release\aprilfools.obj
d:\ranger\documents\visual studio 2019\gwtoolboxcn\release\chatcommands.obj
d:\ranger\documents\visual studio 2019\gwtoolboxcn\release\chatfilter.obj
d:\ranger\documents\visual studio 2019\gwtoolboxcn\release\gamesettings.obj
d:\ranger\documents\visual studio 2019\gwtoolboxcn\release\inventorymanager.obj
d:\ranger\documents\visual studio 2019\gwtoolboxcn\release\partywindowmodule.obj
d:\ranger\documents\visual studio 2019\gwtoolboxcn\release\resources.obj
d:\ranger\documents\visual studio 2019\gwtoolboxcn\release\toolboxsettings.obj
d:\ranger\documents\visual studio 2019\gwtoolboxcn\release\toolboxtheme.obj
d:\ranger\documents\visual studio 2019\gwtoolboxcn\release\zrawdeepmodule.obj
d:\ranger\documents\visual studio 2019\gwtoolboxcn\release\mp3.obj
d:\ranger\documents\visual studio 2019\gwtoolboxcn\release\sha1.obj
d:\ranger\documents\visual studio 2019\gwtoolboxcn\release\stdafx.obj
d:\ranger\documents\visual studio 2019\gwtoolboxcn\release\toolboxmodule.obj
d:\ranger\documents\visual studio 2019\gwtoolboxcn\release\toolboxuielement.obj
d:\ranger\documents\visual studio 2019\gwtoolboxcn\release\toolboxwidget.obj
d:\ranger\documents\visual studio 2019\gwtoolboxcn\release\toolboxwindow.obj
d:\ranger\documents\visual studio 2019\gwtoolboxcn\release\utf8.obj
d:\ranger\documents\visual studio 2019\gwtoolboxcn\release\fontawesome5.obj
d:\ranger\documents\visual studio 2019\gwtoolboxcn\release\source_sans_pro_regular.obj
d:\ranger\documents\visual studio 2019\gwtoolboxcn\release\imgui.obj
d:\ranger\documents\visual studio 2019\gwtoolboxcn\release\imgui_demo.obj
d:\ranger\documents\visual studio 2019\gwtoolboxcn\release\imgui_draw.obj
d:\ranger\documents\visual studio 2019\gwtoolboxcn\release\imgui_tables.obj
d:\ranger\documents\visual studio 2019\gwtoolboxcn\release\imgui_widgets.obj
d:\ranger\documents\visual studio 2019\gwtoolboxcn\release\base64.obj
d:\ranger\documents\visual studio 2019\gwtoolboxcn\release\cursorfix.obj
d:\ranger\documents\visual studio 2019\gwtoolboxcn\release\d3dx9_dynamic.obj
d:\ranger\documents\visual studio 2019\gwtoolboxcn\release\guiutils.obj
d:\ranger\documents\visual studio 2019\gwtoolboxcn\release\gwtoolbox.obj
d:\ranger\documents\visual studio 2019\gwtoolboxcn\release\imguiaddons.obj
d:\ranger\documents\visual studio 2019\gwtoolboxcn\release\imgui_impl_dx9.obj
d:\ranger\documents\visual studio 2019\gwtoolboxcn\release\imgui_impl_win32.obj
d:\ranger\documents\visual studio 2019\gwtoolboxcn\release\irc.obj
d:\ranger\documents\visual studio 2019\gwtoolboxcn\release\utf8proc.obj
d:\ranger\documents\visual studio 2019\gwtoolboxcn\release\gwtoolboxcn.lib
d:\ranger\documents\visual studio 2019\gwtoolboxcn\release\gwtoolboxcn.exp
d:\ranger\documents\visual studio 2019\gwtoolboxcn\release\gwtoolboxcn.dll
d:\ranger\documents\visual studio 2019\gwtoolboxcn\release\gwtoolboxcn.ipdb
d:\ranger\documents\visual studio 2019\gwtoolboxcn\release\gwtoolboxcn.iobj
d:\ranger\documents\visual studio 2019\gwtoolboxcn\release\gwtoolboxcn.pdb
d:\ranger\documents\visual studio 2019\gwtoolboxcn\release\gwtoolboxcn.res
d:\ranger\documents\visual studio 2019\gwtoolboxcn\release\gwtoolboxcn.tlog\cl.command.1.tlog
d:\ranger\documents\visual studio 2019\gwtoolboxcn\release\gwtoolboxcn.tlog\cl.read.1.tlog
d:\ranger\documents\visual studio 2019\gwtoolboxcn\release\gwtoolboxcn.tlog\cl.write.1.tlog
d:\ranger\documents\visual studio 2019\gwtoolboxcn\release\gwtoolboxcn.tlog\gwtoolboxcn.write.1u.tlog
d:\ranger\documents\visual studio 2019\gwtoolboxcn\release\gwtoolboxcn.tlog\link.command.1.tlog
d:\ranger\documents\visual studio 2019\gwtoolboxcn\release\gwtoolboxcn.tlog\link.read.1.tlog
d:\ranger\documents\visual studio 2019\gwtoolboxcn\release\gwtoolboxcn.tlog\link.write.1.tlog
d:\ranger\documents\visual studio 2019\gwtoolboxcn\release\gwtoolboxcn.tlog\rc.command.1.tlog
d:\ranger\documents\visual studio 2019\gwtoolboxcn\release\gwtoolboxcn.tlog\rc.read.1.tlog
d:\ranger\documents\visual studio 2019\gwtoolboxcn\release\gwtoolboxcn.tlog\rc.write.1.tlog
